This is XeTeX, Version 3.14159265-2.6-0.99999 (TeX Live 2018) (preloaded format=xelatex 2018.4.16)  1 DEC 2020 08:10
entering extended mode
 restricted \write18 enabled.
 %&-line parsing enabled.
**r3-workshop.tex
(./r3-workshop.tex
LaTeX2e <2018-04-01> patch level 2
Babel <3.18> and hyphenation patterns for 84 language(s) loaded.
(/usr/local/texlive/2018/texmf-dist/tex/latex/base/book.cls
Document Class: book 2014/09/29 v1.4h Standard LaTeX document class
(/usr/local/texlive/2018/texmf-dist/tex/latex/base/bk10.clo
File: bk10.clo 2014/09/29 v1.4h Standard LaTeX file (size option)
)
\c@part=\count80
\c@chapter=\count81
\c@section=\count82
\c@subsection=\count83
\c@subsubsection=\count84
\c@paragraph=\count85
\c@subparagraph=\count86
\c@figure=\count87
\c@table=\count88
\abovecaptionskip=\skip41
\belowcaptionskip=\skip42
\bibindent=\dimen102
) (/usr/local/texlive/2018/texmf-dist/tex/latex/lm/lmodern.sty
Package: lmodern 2009/10/30 v1.6 Latin Modern Fonts
LaTeX Font Info:    Overwriting symbol font `operators' in version `normal'
(Font)                  OT1/cmr/m/n --> OT1/lmr/m/n on input line 22.
LaTeX Font Info:    Overwriting symbol font `letters' in version `normal'
(Font)                  OML/cmm/m/it --> OML/lmm/m/it on input line 23.
LaTeX Font Info:    Overwriting symbol font `symbols' in version `normal'
(Font)                  OMS/cmsy/m/n --> OMS/lmsy/m/n on input line 24.
LaTeX Font Info:    Overwriting symbol font `largesymbols' in version `normal'
(Font)                  OMX/cmex/m/n --> OMX/lmex/m/n on input line 25.
LaTeX Font Info:    Overwriting symbol font `operators' in version `bold'
(Font)                  OT1/cmr/bx/n --> OT1/lmr/bx/n on input line 26.
LaTeX Font Info:    Overwriting symbol font `letters' in version `bold'
(Font)                  OML/cmm/b/it --> OML/lmm/b/it on input line 27.
LaTeX Font Info:    Overwriting symbol font `symbols' in version `bold'
(Font)                  OMS/cmsy/b/n --> OMS/lmsy/b/n on input line 28.
LaTeX Font Info:    Overwriting symbol font `largesymbols' in version `bold'
(Font)                  OMX/cmex/m/n --> OMX/lmex/m/n on input line 29.
LaTeX Font Info:    Overwriting math alphabet `\mathbf' in version `normal'
(Font)                  OT1/cmr/bx/n --> OT1/lmr/bx/n on input line 31.
LaTeX Font Info:    Overwriting math alphabet `\mathsf' in version `normal'
(Font)                  OT1/cmss/m/n --> OT1/lmss/m/n on input line 32.
LaTeX Font Info:    Overwriting math alphabet `\mathit' in version `normal'
(Font)                  OT1/cmr/m/it --> OT1/lmr/m/it on input line 33.
LaTeX Font Info:    Overwriting math alphabet `\mathtt' in version `normal'
(Font)                  OT1/cmtt/m/n --> OT1/lmtt/m/n on input line 34.
LaTeX Font Info:    Overwriting math alphabet `\mathbf' in version `bold'
(Font)                  OT1/cmr/bx/n --> OT1/lmr/bx/n on input line 35.
LaTeX Font Info:    Overwriting math alphabet `\mathsf' in version `bold'
(Font)                  OT1/cmss/bx/n --> OT1/lmss/bx/n on input line 36.
LaTeX Font Info:    Overwriting math alphabet `\mathit' in version `bold'
(Font)                  OT1/cmr/bx/it --> OT1/lmr/bx/it on input line 37.
LaTeX Font Info:    Overwriting math alphabet `\mathtt' in version `bold'
(Font)                  OT1/cmtt/m/n --> OT1/lmtt/m/n on input line 38.
) (/usr/local/texlive/2018/texmf-dist/tex/latex/amsfonts/amssymb.sty
Package: amssymb 2013/01/14 v3.01 AMS font symbols
(/usr/local/texlive/2018/texmf-dist/tex/latex/amsfonts/amsfonts.sty
Package: amsfonts 2013/01/14 v3.01 Basic AMSFonts support
\@emptytoks=\toks14
\symAMSa=\mathgroup4
\symAMSb=\mathgroup5
LaTeX Font Info:    Overwriting math alphabet `\mathfrak' in version `bold'
(Font)                  U/euf/m/n --> U/euf/b/n on input line 106.
)) (/usr/local/texlive/2018/texmf-dist/tex/latex/amsmath/amsmath.sty
Package: amsmath 2017/09/02 v2.17a AMS math features
\@mathmargin=\skip43
For additional information on amsmath, use the `?' option.
(/usr/local/texlive/2018/texmf-dist/tex/latex/amsmath/amstext.sty
Package: amstext 2000/06/29 v2.01 AMS text
(/usr/local/texlive/2018/texmf-dist/tex/latex/amsmath/amsgen.sty
File: amsgen.sty 1999/11/30 v2.0 generic functions
\@emptytoks=\toks15
\ex@=\dimen103
)) (/usr/local/texlive/2018/texmf-dist/tex/latex/amsmath/amsbsy.sty
Package: amsbsy 1999/11/29 v1.2d Bold Symbols
\pmbraise@=\dimen104
) (/usr/local/texlive/2018/texmf-dist/tex/latex/amsmath/amsopn.sty
Package: amsopn 2016/03/08 v2.02 operator names
)
\inf@bad=\count89
LaTeX Info: Redefining \frac on input line 213.
\uproot@=\count90
\leftroot@=\count91
LaTeX Info: Redefining \overline on input line 375.
\classnum@=\count92
\DOTSCASE@=\count93
LaTeX Info: Redefining \ldots on input line 472.
LaTeX Info: Redefining \dots on input line 475.
LaTeX Info: Redefining \cdots on input line 596.
\Mathstrutbox@=\box26
\strutbox@=\box27
\big@size=\dimen105
LaTeX Font Info:    Redeclaring font encoding OML on input line 712.
LaTeX Font Info:    Redeclaring font encoding OMS on input line 713.
\macc@depth=\count94
\c@MaxMatrixCols=\count95
\dotsspace@=\muskip10
\c@parentequation=\count96
\dspbrk@lvl=\count97
\tag@help=\toks16
\row@=\count98
\column@=\count99
\maxfields@=\count100
\andhelp@=\toks17
\eqnshift@=\dimen106
\alignsep@=\dimen107
\tagshift@=\dimen108
\tagwidth@=\dimen109
\totwidth@=\dimen110
\lineht@=\dimen111
\@envbody=\toks18
\multlinegap=\skip44
\multlinetaggap=\skip45
\mathdisplay@stack=\toks19
LaTeX Info: Redefining \[ on input line 2817.
LaTeX Info: Redefining \] on input line 2818.
) (/usr/local/texlive/2018/texmf-dist/tex/generic/ifxetex/ifxetex.sty
Package: ifxetex 2010/09/12 v0.6 Provides ifxetex conditional
) (/usr/local/texlive/2018/texmf-dist/tex/generic/oberdiek/ifluatex.sty
Package: ifluatex 2016/05/16 v1.4 Provides the ifluatex switch (HO)
Package ifluatex Info: LuaTeX not detected.
) (/usr/local/texlive/2018/texmf-dist/tex/latex/unicode-math/unicode-math.sty (
/usr/local/texlive/2018/texmf-dist/tex/latex/l3kernel/expl3.sty
Package: expl3 2018/03/05 L3 programming layer (loader) 
(/usr/local/texlive/2018/texmf-dist/tex/latex/l3kernel/expl3-code.tex
Package: expl3 2018/03/05 L3 programming layer (code)
\c_max_int=\count101
\l_tmpa_int=\count102
\l_tmpb_int=\count103
\g_tmpa_int=\count104
\g_tmpb_int=\count105
\g__intarray_font_int=\count106
\g__prg_map_int=\count107
\c_log_iow=\count108
\l_iow_line_count_int=\count109
\l__iow_line_target_int=\count110
\l__iow_one_indent_int=\count111
\l__iow_indent_int=\count112
\c_zero_dim=\dimen112
\c_max_dim=\dimen113
\l_tmpa_dim=\dimen114
\l_tmpb_dim=\dimen115
\g_tmpa_dim=\dimen116
\g_tmpb_dim=\dimen117
\c_zero_skip=\skip46
\c_max_skip=\skip47
\l_tmpa_skip=\skip48
\l_tmpb_skip=\skip49
\g_tmpa_skip=\skip50
\g_tmpb_skip=\skip51
\c_zero_muskip=\muskip11
\c_max_muskip=\muskip12
\l_tmpa_muskip=\muskip13
\l_tmpb_muskip=\muskip14
\g_tmpa_muskip=\muskip15
\g_tmpb_muskip=\muskip16
\l_keys_choice_int=\count113
\c__fp_leading_shift_int=\count114
\c__fp_middle_shift_int=\count115
\c__fp_trailing_shift_int=\count116
\c__fp_big_leading_shift_int=\count117
\c__fp_big_middle_shift_int=\count118
\c__fp_big_trailing_shift_int=\count119
\c__fp_Bigg_leading_shift_int=\count120
\c__fp_Bigg_middle_shift_int=\count121
\c__fp_Bigg_trailing_shift_int=\count122
\l__sort_length_int=\count123
\l__sort_min_int=\count124
\l__sort_top_int=\count125
\l__sort_max_int=\count126
\l__sort_true_max_int=\count127
\l__sort_block_int=\count128
\l__sort_begin_int=\count129
\l__sort_end_int=\count130
\l__sort_A_int=\count131
\l__sort_B_int=\count132
\l__sort_C_int=\count133
\l__tl_build_start_index_int=\count134
\l__tl_build_index_int=\count135
\l__tl_analysis_normal_int=\count136
\l__tl_analysis_index_int=\count137
\l__tl_analysis_nesting_int=\count138
\l__tl_analysis_type_int=\count139
\l__regex_internal_a_int=\count140
\l__regex_internal_b_int=\count141
\l__regex_internal_c_int=\count142
\l__regex_balance_int=\count143
\l__regex_group_level_int=\count144
\l__regex_mode_int=\count145
\c__regex_cs_in_class_mode_int=\count146
\c__regex_cs_mode_int=\count147
\l__regex_catcodes_int=\count148
\l__regex_default_catcodes_int=\count149
\c__regex_catcode_L_int=\count150
\c__regex_catcode_O_int=\count151
\c__regex_catcode_A_int=\count152
\c__regex_all_catcodes_int=\count153
\l__regex_show_lines_int=\count154
\l__regex_min_state_int=\count155
\l__regex_max_state_int=\count156
\l__regex_left_state_int=\count157
\l__regex_right_state_int=\count158
\l__regex_capturing_group_int=\count159
\l__regex_min_pos_int=\count160
\l__regex_max_pos_int=\count161
\l__regex_curr_pos_int=\count162
\l__regex_start_pos_int=\count163
\l__regex_success_pos_int=\count164
\l__regex_curr_char_int=\count165
\l__regex_curr_catcode_int=\count166
\l__regex_last_char_int=\count167
\l__regex_case_changed_char_int=\count168
\l__regex_curr_state_int=\count169
\l__regex_step_int=\count170
\l__regex_min_active_int=\count171
\l__regex_max_active_int=\count172
\l__regex_replacement_csnames_int=\count173
\l__regex_match_count_int=\count174
\l__regex_min_submatch_int=\count175
\l__regex_submatch_int=\count176
\l__regex_zeroth_submatch_int=\count177
\g__regex_trace_regex_int=\count178
\c_empty_box=\box28
\l_tmpa_box=\box29
\l_tmpb_box=\box30
\g_tmpa_box=\box31
\g_tmpb_box=\box32
\l__box_top_dim=\dimen118
\l__box_bottom_dim=\dimen119
\l__box_left_dim=\dimen120
\l__box_right_dim=\dimen121
\l__box_top_new_dim=\dimen122
\l__box_bottom_new_dim=\dimen123
\l__box_left_new_dim=\dimen124
\l__box_right_new_dim=\dimen125
\l__box_internal_box=\box33
\l__coffin_internal_box=\box34
\l__coffin_internal_dim=\dimen126
\l__coffin_offset_x_dim=\dimen127
\l__coffin_offset_y_dim=\dimen128
\l__coffin_x_dim=\dimen129
\l__coffin_y_dim=\dimen130
\l__coffin_x_prime_dim=\dimen131
\l__coffin_y_prime_dim=\dimen132
\c_empty_coffin=\box35
\l__coffin_aligned_coffin=\box36
\l__coffin_aligned_internal_coffin=\box37
\l_tmpa_coffin=\box38
\l_tmpb_coffin=\box39
\l__coffin_display_coffin=\box40
\l__coffin_display_coord_coffin=\box41
\l__coffin_display_pole_coffin=\box42
\l__coffin_display_offset_dim=\dimen133
\l__coffin_display_x_dim=\dimen134
\l__coffin_display_y_dim=\dimen135
\l__coffin_bounding_shift_dim=\dimen136
\l__coffin_left_corner_dim=\dimen137
\l__coffin_right_corner_dim=\dimen138
\l__coffin_bottom_corner_dim=\dimen139
\l__coffin_top_corner_dim=\dimen140
\l__coffin_scaled_total_height_dim=\dimen141
\l__coffin_scaled_width_dim=\dimen142
) (/usr/local/texlive/2018/texmf-dist/tex/latex/l3kernel/l3xdvipdfmx.def
File: l3xdvidpfmx.def 2017/03/18 v L3 Experimental driver: xdvipdfmx
\g__driver_image_int=\count179
))
Package: unicode-math 2018/02/02 vv0.8l Unicode maths in XeLaTeX and LuaLaTeX

(/usr/local/texlive/2018/texmf-dist/tex/latex/unicode-math/unicode-math-xetex.s
ty
Package: unicode-math-xetex 2018/02/02 vv0.8l Unicode maths in XeLaTeX and LuaL
aTeX
(/usr/local/texlive/2018/texmf-dist/tex/latex/l3packages/xparse/xparse.sty
Package: xparse 2018/02/21 L3 Experimental document command parser
\l__xparse_current_arg_int=\count180
\g__xparse_grabber_int=\count181
\l__xparse_m_args_int=\count182
\l__xparse_mandatory_args_int=\count183
\l__xparse_v_nesting_int=\count184
) (/usr/local/texlive/2018/texmf-dist/tex/latex/l3packages/l3keys2e/l3keys2e.st
y
Package: l3keys2e 2018/02/21 LaTeX2e option processing using LaTeX3 keys
) (/usr/local/texlive/2018/texmf-dist/tex/latex/fontspec/fontspec.sty
Package: fontspec 2017/11/09 v2.6g Font selection for XeLaTeX and LuaLaTeX
(/usr/local/texlive/2018/texmf-dist/tex/latex/fontspec/fontspec-xetex.sty
Package: fontspec-xetex 2017/11/09 v2.6g Font selection for XeLaTeX and LuaLaTe
X
\l__fontspec_script_int=\count185
\l__fontspec_language_int=\count186
\l__fontspec_strnum_int=\count187
\l__fontspec_tmp_int=\count188
\l__fontspec_em_int=\count189
\l__fontspec_emdef_int=\count190
\l__fontspec_strong_int=\count191
\l__fontspec_strongdef_int=\count192
\l__fontspec_tmpa_dim=\dimen143
\l__fontspec_tmpb_dim=\dimen144
\l__fontspec_tmpc_dim=\dimen145
\g__file_internal_ior=\read1
(/usr/local/texlive/2018/texmf-dist/tex/latex/base/fontenc.sty
Package: fontenc 2017/04/05 v2.0i Standard LaTeX package
(/usr/local/texlive/2018/texmf-dist/tex/latex/base/tuenc.def
File: tuenc.def 2017/04/05 v2.0i Standard LaTeX file
LaTeX Font Info:    Redeclaring font encoding TU on input line 82.
))
.................................................
. LaTeX info: "xparse/define-command"
. 
. Defining command \fontspec with sig. 'O{}mO{}' on line 542.
.................................................
.................................................
. LaTeX info: "xparse/define-command"
. 
. Defining command \setmainfont with sig. 'O{}mO{}' on line 546.
.................................................
.................................................
. LaTeX info: "xparse/define-command"
. 
. Defining command \setsansfont with sig. 'O{}mO{}' on line 550.
.................................................
.................................................
. LaTeX info: "xparse/define-command"
. 
. Defining command \setmonofont with sig. 'O{}mO{}' on line 554.
.................................................
.................................................
. LaTeX info: "xparse/define-command"
. 
. Defining command \setmathrm with sig. 'O{}mO{}' on line 558.
.................................................
.................................................
. LaTeX info: "xparse/define-command"
. 
. Defining command \setboldmathrm with sig. 'O{}mO{}' on line 562.
.................................................
.................................................
. LaTeX info: "xparse/define-command"
. 
. Defining command \setmathsf with sig. 'O{}mO{}' on line 566.
.................................................
.................................................
. LaTeX info: "xparse/define-command"
. 
. Defining command \setmathtt with sig. 'O{}mO{}' on line 570.
.................................................
.................................................
. LaTeX info: "xparse/define-command"
. 
. Defining command \setromanfont with sig. 'O{}mO{}' on line 574.
.................................................
.................................................
. LaTeX info: "xparse/define-command"
. 
. Defining command \newfontfamily with sig. 'mO{}mO{}' on line 578.
.................................................
.................................................
. LaTeX info: "xparse/define-command"
. 
. Defining command \newfontface with sig. 'mO{}mO{}' on line 582.
.................................................
.................................................
. LaTeX info: "xparse/define-command"
. 
. Defining command \defaultfontfeatures with sig. 't+om' on line 586.
.................................................
.................................................
. LaTeX info: "xparse/define-command"
. 
. Defining command \addfontfeatures with sig. 'm' on line 590.
.................................................
.................................................
. LaTeX info: "xparse/define-command"
. 
. Defining command \addfontfeature with sig. 'm' on line 594.
.................................................
.................................................
. LaTeX info: "xparse/define-command"
. 
. Defining command \newfontfeature with sig. 'mm' on line 598.
.................................................
.................................................
. LaTeX info: "xparse/define-command"
. 
. Defining command \newAATfeature with sig. 'mmmm' on line 602.
.................................................
.................................................
. LaTeX info: "xparse/define-command"
. 
. Defining command \newopentypefeature with sig. 'mmm' on line 606.
.................................................
.................................................
. LaTeX info: "xparse/define-command"
. 
. Defining command \newICUfeature with sig. 'mmm' on line 610.
.................................................
.................................................
. LaTeX info: "xparse/define-command"
. 
. Defining command \aliasfontfeature with sig. 'mm' on line 614.
.................................................
.................................................
. LaTeX info: "xparse/define-command"
. 
. Defining command \aliasfontfeatureoption with sig. 'mmm' on line 618.
.................................................
.................................................
. LaTeX info: "xparse/define-command"
. 
. Defining command \newfontscript with sig. 'mm' on line 622.
.................................................
.................................................
. LaTeX info: "xparse/define-command"
. 
. Defining command \newfontlanguage with sig. 'mm' on line 626.
.................................................
.................................................
. LaTeX info: "xparse/define-command"
. 
. Defining command \DeclareFontsExtensions with sig. 'm' on line 630.
.................................................
.................................................
. LaTeX info: "xparse/define-command"
. 
. Defining command \IfFontFeatureActiveTF with sig. 'mmm' on line 634.
.................................................
.................................................
. LaTeX info: "xparse/define-command"
. 
. Defining command \EncodingCommand with sig. 'mO{}m' on line 3632.
.................................................
.................................................
. LaTeX info: "xparse/define-command"
. 
. Defining command \EncodingAccent with sig. 'mm' on line 3638.
.................................................
.................................................
. LaTeX info: "xparse/define-command"
. 
. Defining command \EncodingSymbol with sig. 'mm' on line 3644.
.................................................
.................................................
. LaTeX info: "xparse/define-command"
. 
. Defining command \EncodingComposite with sig. 'mmm' on line 3650.
.................................................
.................................................
. LaTeX info: "xparse/define-command"
. 
. Defining command \EncodingCompositeCommand with sig. 'mmm' on line 3656.
.................................................
.................................................
. LaTeX info: "xparse/define-command"
. 
. Defining command \DeclareUnicodeEncoding with sig. 'mm' on line 3681.
.................................................
.................................................
. LaTeX info: "xparse/define-command"
. 
. Defining command \UndeclareSymbol with sig. 'm' on line 3687.
.................................................
.................................................
. LaTeX info: "xparse/define-command"
. 
. Defining command \UndeclareAccent with sig. 'm' on line 3693.
.................................................
.................................................
. LaTeX info: "xparse/define-command"
. 
. Defining command \UndeclareCommand with sig. 'm' on line 3699.
.................................................
.................................................
. LaTeX info: "xparse/define-command"
. 
. Defining command \UndeclareComposite with sig. 'mm' on line 3706.
.................................................
(/usr/local/texlive/2018/texmf-dist/tex/latex/fontspec/fontspec.cfg)
LaTeX Info: Redefining \itshape on input line 3891.
LaTeX Info: Redefining \slshape on input line 3896.
LaTeX Info: Redefining \scshape on input line 3901.
LaTeX Info: Redefining \upshape on input line 3906.
LaTeX Info: Redefining \em on input line 3936.
LaTeX Info: Redefining \emph on input line 3961.
LaTeX Info: Redefining \- on input line 4015.
.................................................
. LaTeX info: "xparse/redefine-command"
. 
. Redefining command \oldstylenums with sig. 'm' on line 4110.
.................................................
.................................................
. LaTeX info: "xparse/define-command"
. 
. Defining command \liningnums with sig. 'm' on line 4114.
.................................................
)) (/usr/local/texlive/2018/texmf-dist/tex/latex/filehook/filehook.sty
Package: filehook 2011/10/12 v0.5d Hooks for input files
) (/usr/local/texlive/2018/texmf-dist/tex/latex/base/fix-cm.sty
Package: fix-cm 2015/01/14 v1.1t fixes to LaTeX
(/usr/local/texlive/2018/texmf-dist/tex/latex/base/ts1enc.def
File: ts1enc.def 2001/06/05 v3.0e (jk/car/fm) Standard LaTeX file
))
\g__um_fam_int=\count193
\g__um_fonts_used_int=\count194
\l__um_primecount_int=\count195
\g__um_primekern_muskip=\muskip17
.................................................
. LaTeX info: "xparse/define-command"
. 
. Defining command \unimathsetup with sig. 'm' on line 269.
.................................................
.................................................
. LaTeX info: "xparse/define-command"
. 
. Defining command \setmathfont with sig. 'O{}mO{}' on line 273.
.................................................
.................................................
. LaTeX info: "xparse/define-command"
. 
. Defining command \setmathfontface with sig. 'mO{}mO{}' on line 277.
.................................................
.................................................
. LaTeX info: "xparse/define-command"
. 
. Defining command \setoperatorfont with sig. 'm' on line 282.
.................................................
.................................................
. LaTeX info: "xparse/define-command"
. 
. Defining command \addnolimits with sig. 'm' on line 287.
.................................................
.................................................
. LaTeX info: "xparse/define-command"
. 
. Defining command \removenolimits with sig. 'm' on line 291.
.................................................

(/usr/local/texlive/2018/texmf-dist/tex/latex/unicode-math/unicode-math-table.t
ex)
.................................................
. unicode-math info: "patch-macro"
. 
. I'm going to patch macro \subarray.
.................................................
.................................................
. unicode-math info: "patch-macro"
. 
. I'm going to patch macro \r@@t.
.................................................
.................................................
. LaTeX info: "xparse/redefine-command"
. 
. Redefining command \not with sig. 'm' on line 3835.
.................................................
.................................................
. LaTeX info: "xparse/define-command"
. 
. Defining command \NewNegationCommand with sig. 'mm' on line 3839.
.................................................
.................................................
. LaTeX info: "xparse/define-command"
. 
. Defining command \RenewNegationCommand with sig. 'mm' on line 3843.
.................................................
)) (/usr/local/texlive/2018/texmf-dist/tex/latex/upquote/upquote.sty
Package: upquote 2012/04/19 v1.3 upright-quote and grave-accent glyphs in verba
tim
(/usr/local/texlive/2018/texmf-dist/tex/latex/base/textcomp.sty
Package: textcomp 2017/04/05 v2.0i Standard LaTeX package
Package textcomp Info: Sub-encoding information:
(textcomp)               5 = only ISO-Adobe without \textcurrency
(textcomp)               4 = 5 + \texteuro
(textcomp)               3 = 4 + \textohm
(textcomp)               2 = 3 + \textestimated + \textcurrency
(textcomp)               1 = TS1 - \textcircled - \t
(textcomp)               0 = TS1 (full)
(textcomp)             Font families with sub-encoding setting implement
(textcomp)             only a restricted character set as indicated.
(textcomp)             Family '?' is the default used for unknown fonts.
(textcomp)             See the documentation for details.
Package textcomp Info: Setting ? sub-encoding to TS1/1 on input line 79.
(/usr/local/texlive/2018/texmf-dist/tex/latex/base/ts1enc.def
File: ts1enc.def 2001/06/05 v3.0e (jk/car/fm) Standard LaTeX file
LaTeX Font Info:    Redeclaring font encoding TS1 on input line 47.
)
LaTeX Info: Redefining \oldstylenums on input line 334.
Package textcomp Info: Setting cmr sub-encoding to TS1/0 on input line 349.
Package textcomp Info: Setting cmss sub-encoding to TS1/0 on input line 350.
Package textcomp Info: Setting cmtt sub-encoding to TS1/0 on input line 351.
Package textcomp Info: Setting cmvtt sub-encoding to TS1/0 on input line 352.
Package textcomp Info: Setting cmbr sub-encoding to TS1/0 on input line 353.
Package textcomp Info: Setting cmtl sub-encoding to TS1/0 on input line 354.
Package textcomp Info: Setting ccr sub-encoding to TS1/0 on input line 355.
Package textcomp Info: Setting ptm sub-encoding to TS1/4 on input line 356.
Package textcomp Info: Setting pcr sub-encoding to TS1/4 on input line 357.
Package textcomp Info: Setting phv sub-encoding to TS1/4 on input line 358.
Package textcomp Info: Setting ppl sub-encoding to TS1/3 on input line 359.
Package textcomp Info: Setting pag sub-encoding to TS1/4 on input line 360.
Package textcomp Info: Setting pbk sub-encoding to TS1/4 on input line 361.
Package textcomp Info: Setting pnc sub-encoding to TS1/4 on input line 362.
Package textcomp Info: Setting pzc sub-encoding to TS1/4 on input line 363.
Package textcomp Info: Setting bch sub-encoding to TS1/4 on input line 364.
Package textcomp Info: Setting put sub-encoding to TS1/5 on input line 365.
Package textcomp Info: Setting uag sub-encoding to TS1/5 on input line 366.
Package textcomp Info: Setting ugq sub-encoding to TS1/5 on input line 367.
Package textcomp Info: Setting ul8 sub-encoding to TS1/4 on input line 368.
Package textcomp Info: Setting ul9 sub-encoding to TS1/4 on input line 369.
Package textcomp Info: Setting augie sub-encoding to TS1/5 on input line 370.
Package textcomp Info: Setting dayrom sub-encoding to TS1/3 on input line 371.
Package textcomp Info: Setting dayroms sub-encoding to TS1/3 on input line 372.

Package textcomp Info: Setting pxr sub-encoding to TS1/0 on input line 373.
Package textcomp Info: Setting pxss sub-encoding to TS1/0 on input line 374.
Package textcomp Info: Setting pxtt sub-encoding to TS1/0 on input line 375.
Package textcomp Info: Setting txr sub-encoding to TS1/0 on input line 376.
Package textcomp Info: Setting txss sub-encoding to TS1/0 on input line 377.
Package textcomp Info: Setting txtt sub-encoding to TS1/0 on input line 378.
Package textcomp Info: Setting lmr sub-encoding to TS1/0 on input line 379.
Package textcomp Info: Setting lmdh sub-encoding to TS1/0 on input line 380.
Package textcomp Info: Setting lmss sub-encoding to TS1/0 on input line 381.
Package textcomp Info: Setting lmssq sub-encoding to TS1/0 on input line 382.
Package textcomp Info: Setting lmvtt sub-encoding to TS1/0 on input line 383.
Package textcomp Info: Setting lmtt sub-encoding to TS1/0 on input line 384.
Package textcomp Info: Setting qhv sub-encoding to TS1/0 on input line 385.
Package textcomp Info: Setting qag sub-encoding to TS1/0 on input line 386.
Package textcomp Info: Setting qbk sub-encoding to TS1/0 on input line 387.
Package textcomp Info: Setting qcr sub-encoding to TS1/0 on input line 388.
Package textcomp Info: Setting qcs sub-encoding to TS1/0 on input line 389.
Package textcomp Info: Setting qpl sub-encoding to TS1/0 on input line 390.
Package textcomp Info: Setting qtm sub-encoding to TS1/0 on input line 391.
Package textcomp Info: Setting qzc sub-encoding to TS1/0 on input line 392.
Package textcomp Info: Setting qhvc sub-encoding to TS1/0 on input line 393.
Package textcomp Info: Setting futs sub-encoding to TS1/4 on input line 394.
Package textcomp Info: Setting futx sub-encoding to TS1/4 on input line 395.
Package textcomp Info: Setting futj sub-encoding to TS1/4 on input line 396.
Package textcomp Info: Setting hlh sub-encoding to TS1/3 on input line 397.
Package textcomp Info: Setting hls sub-encoding to TS1/3 on input line 398.
Package textcomp Info: Setting hlst sub-encoding to TS1/3 on input line 399.
Package textcomp Info: Setting hlct sub-encoding to TS1/5 on input line 400.
Package textcomp Info: Setting hlx sub-encoding to TS1/5 on input line 401.
Package textcomp Info: Setting hlce sub-encoding to TS1/5 on input line 402.
Package textcomp Info: Setting hlcn sub-encoding to TS1/5 on input line 403.
Package textcomp Info: Setting hlcw sub-encoding to TS1/5 on input line 404.
Package textcomp Info: Setting hlcf sub-encoding to TS1/5 on input line 405.
Package textcomp Info: Setting pplx sub-encoding to TS1/3 on input line 406.
Package textcomp Info: Setting pplj sub-encoding to TS1/3 on input line 407.
Package textcomp Info: Setting ptmx sub-encoding to TS1/4 on input line 408.
Package textcomp Info: Setting ptmj sub-encoding to TS1/4 on input line 409.
)) (/usr/local/texlive/2018/texmf-dist/tex/latex/microtype/microtype.sty
Package: microtype 2018/01/14 v2.7a Micro-typographical refinements (RS)
(/usr/local/texlive/2018/texmf-dist/tex/latex/graphics/keyval.sty
Package: keyval 2014/10/28 v1.15 key=value parser (DPC)
\KV@toks@=\toks20
)
\MT@toks=\toks21
\MT@count=\count196
LaTeX Info: Redefining \textls on input line 793.
\MT@outer@kern=\dimen146
LaTeX Info: Redefining \textmicrotypecontext on input line 1339.
\MT@listname@count=\count197
(/usr/local/texlive/2018/texmf-dist/tex/latex/microtype/microtype-xetex.def
File: microtype-xetex.def 2018/01/14 v2.7a Definitions specific to xetex (RS)
LaTeX Info: Redefining \lsstyle on input line 256.
)
Package microtype Info: Loading configuration file microtype.cfg.
(/usr/local/texlive/2018/texmf-dist/tex/latex/microtype/microtype.cfg
File: microtype.cfg 2018/01/14 v2.7a microtype main configuration file (RS)
)) (/usr/local/texlive/2018/texmf-dist/tex/latex/parskip/parskip.sty
Package: parskip 2001/04/09 non-zero parskip adjustments
) (/usr/local/texlive/2018/texmf-dist/tex/latex/xcolor/xcolor.sty
Package: xcolor 2016/05/11 v2.12 LaTeX color extensions (UK)
(/usr/local/texlive/2018/texmf-dist/tex/latex/graphics-cfg/color.cfg
File: color.cfg 2016/01/02 v1.6 sample color configuration
)
Package xcolor Info: Driver file: xetex.def on input line 225.
(/usr/local/texlive/2018/texmf-dist/tex/latex/graphics-def/xetex.def
File: xetex.def 2017/06/24 v5.0h Graphics/color driver for xetex
)
Package xcolor Info: Model `cmy' substituted by `cmy0' on input line 1348.
Package xcolor Info: Model `RGB' extended on input line 1364.
Package xcolor Info: Model `HTML' substituted by `rgb' on input line 1366.
Package xcolor Info: Model `Hsb' substituted by `hsb' on input line 1367.
Package xcolor Info: Model `tHsb' substituted by `hsb' on input line 1368.
Package xcolor Info: Model `HSB' substituted by `hsb' on input line 1369.
Package xcolor Info: Model `Gray' substituted by `gray' on input line 1370.
Package xcolor Info: Model `wave' substituted by `hsb' on input line 1371.
) (/usr/local/texlive/2018/texmf-dist/tex/latex/xurl/xurl.sty
Package: xurl 2018/01/09 v 0.03 modify URL breaks
(/usr/local/texlive/2018/texmf-dist/tex/latex/url/url.sty
\Urlmuskip=\muskip18
Package: url 2013/09/16  ver 3.4  Verb mode for urls, etc.
)) (/usr/local/texlive/2018/texmf-dist/tex/latex/oberdiek/bookmark.sty
Package: bookmark 2016/05/17 v1.26 PDF bookmarks (HO)
(/usr/local/texlive/2018/texmf-dist/tex/generic/oberdiek/pdfescape.sty
Package: pdfescape 2016/05/16 v1.14 Implements pdfTeX's escape features (HO)
(/usr/local/texlive/2018/texmf-dist/tex/generic/oberdiek/ltxcmds.sty
Package: ltxcmds 2016/05/16 v1.23 LaTeX kernel commands for general use (HO)
) (/usr/local/texlive/2018/texmf-dist/tex/generic/oberdiek/pdftexcmds.sty
Package: pdftexcmds 2018/01/30 v0.27 Utility functions of pdfTeX for LuaTeX (HO
)
(/usr/local/texlive/2018/texmf-dist/tex/generic/oberdiek/infwarerr.sty
Package: infwarerr 2016/05/16 v1.4 Providing info/warning/error messages (HO)
) (/usr/local/texlive/2018/texmf-dist/tex/generic/oberdiek/ifpdf.sty
Package: ifpdf 2017/03/15 v3.2 Provides the ifpdf switch
)
Package pdftexcmds Info: LuaTeX not detected.
Package pdftexcmds Info: pdfTeX >= 1.30 not detected.
Package pdftexcmds Info: \pdf@primitive is available.
Package pdftexcmds Info: \pdf@ifprimitive is available.
Package pdftexcmds Info: \pdfdraftmode not found.
)) (/usr/local/texlive/2018/texmf-dist/tex/generic/oberdiek/ifvtex.sty
Package: ifvtex 2016/05/16 v1.6 Detect VTeX and its facilities (HO)
Package ifvtex Info: VTeX not detected.
) (/usr/local/texlive/2018/texmf-dist/tex/latex/hyperref/hyperref.sty
Package: hyperref 2018/02/06 v6.86b Hypertext links for LaTeX
(/usr/local/texlive/2018/texmf-dist/tex/generic/oberdiek/hobsub-hyperref.sty
Package: hobsub-hyperref 2016/05/16 v1.14 Bundle oberdiek, subset hyperref (HO)

(/usr/local/texlive/2018/texmf-dist/tex/generic/oberdiek/hobsub-generic.sty
Package: hobsub-generic 2016/05/16 v1.14 Bundle oberdiek, subset generic (HO)
Package: hobsub 2016/05/16 v1.14 Construct package bundles (HO)
Package hobsub Info: Skipping package `infwarerr' (already loaded).
Package hobsub Info: Skipping package `ltxcmds' (already loaded).
Package hobsub Info: Skipping package `ifluatex' (already loaded).
Package hobsub Info: Skipping package `ifvtex' (already loaded).
Package: intcalc 2016/05/16 v1.2 Expandable calculations with integers (HO)
Package hobsub Info: Skipping package `ifpdf' (already loaded).
Package: etexcmds 2016/05/16 v1.6 Avoid name clashes with e-TeX commands (HO)
Package etexcmds Info: Could not find \expanded.
(etexcmds)             That can mean that you are not using pdfTeX 1.50 or
(etexcmds)             that some package has redefined \expanded.
(etexcmds)             In the latter case, load this package earlier.
Package: kvsetkeys 2016/05/16 v1.17 Key value parser (HO)
Package: kvdefinekeys 2016/05/16 v1.4 Define keys (HO)
Package hobsub Info: Skipping package `pdftexcmds' (already loaded).
Package hobsub Info: Skipping package `pdfescape' (already loaded).
Package: bigintcalc 2016/05/16 v1.4 Expandable calculations on big integers (HO
)
Package: bitset 2016/05/16 v1.2 Handle bit-vector datatype (HO)
Package: uniquecounter 2016/05/16 v1.3 Provide unlimited unique counter (HO)
)
Package hobsub Info: Skipping package `hobsub' (already loaded).
Package: letltxmacro 2016/05/16 v1.5 Let assignment for LaTeX macros (HO)
Package: hopatch 2016/05/16 v1.3 Wrapper for package hooks (HO)
Package: xcolor-patch 2016/05/16 xcolor patch
Package: atveryend 2016/05/16 v1.9 Hooks at the very end of document (HO)
Package atveryend Info: \enddocument detected (standard20110627).
Package: atbegshi 2016/06/09 v1.18 At begin shipout hook (HO)
Package: refcount 2016/05/16 v3.5 Data extraction from label references (HO)
Package: hycolor 2016/05/16 v1.8 Color options for hyperref/bookmark (HO)
) (/usr/local/texlive/2018/texmf-dist/tex/latex/oberdiek/auxhook.sty
Package: auxhook 2016/05/16 v1.4 Hooks for auxiliary files (HO)
) (/usr/local/texlive/2018/texmf-dist/tex/latex/oberdiek/kvoptions.sty
Package: kvoptions 2016/05/16 v3.12 Key value format for package options (HO)
)
\@linkdim=\dimen147
\Hy@linkcounter=\count198
\Hy@pagecounter=\count199
(/usr/local/texlive/2018/texmf-dist/tex/latex/hyperref/pd1enc.def
File: pd1enc.def 2018/02/06 v6.86b Hyperref: PDFDocEncoding definition (HO)
)
\Hy@SavedSpaceFactor=\count266
(/usr/local/texlive/2018/texmf-dist/tex/latex/latexconfig/hyperref.cfg
File: hyperref.cfg 2002/06/06 v1.2 hyperref configuration of TeXLive
)
Package hyperref Info: Option `unicode' set `true' on input line 4383.
(/usr/local/texlive/2018/texmf-dist/tex/latex/hyperref/puenc.def
File: puenc.def 2018/02/06 v6.86b Hyperref: PDF Unicode definition (HO)
)
Package hyperref Info: Hyper figures OFF on input line 4509.
Package hyperref Info: Link nesting OFF on input line 4514.
Package hyperref Info: Hyper index ON on input line 4517.
Package hyperref Info: Plain pages OFF on input line 4524.
Package hyperref Info: Backreferencing OFF on input line 4529.
Package hyperref Info: Implicit mode ON; LaTeX internals redefined.
Package hyperref Info: Bookmarks ON on input line 4762.
\c@Hy@tempcnt=\count267
LaTeX Info: Redefining \url on input line 5115.
\XeTeXLinkMargin=\dimen148
\Fld@menulength=\count268
\Field@Width=\dimen149
\Fld@charsize=\dimen150
Package hyperref Info: Hyper figures OFF on input line 6369.
Package hyperref Info: Link nesting OFF on input line 6374.
Package hyperref Info: Hyper index ON on input line 6377.
Package hyperref Info: backreferencing OFF on input line 6384.
Package hyperref Info: Link coloring OFF on input line 6389.
Package hyperref Info: Link coloring with OCG OFF on input line 6394.
Package hyperref Info: PDF/A mode OFF on input line 6399.
LaTeX Info: Redefining \ref on input line 6439.
LaTeX Info: Redefining \pageref on input line 6443.
\Hy@abspage=\count269
\c@Item=\count270
\c@Hfootnote=\count271
)
Package hyperref Info: Driver (autodetected): hxetex.
(/usr/local/texlive/2018/texmf-dist/tex/latex/hyperref/hxetex.def
File: hxetex.def 2018/02/06 v6.86b Hyperref driver for XeTeX
(/usr/local/texlive/2018/texmf-dist/tex/generic/oberdiek/stringenc.sty
Package: stringenc 2016/05/16 v1.11 Convert strings between diff. encodings (HO
)
)
\pdfm@box=\box43
\c@Hy@AnnotLevel=\count272
\HyField@AnnotCount=\count273
\Fld@listcount=\count274
\c@bookmark@seq@number=\count275
(/usr/local/texlive/2018/texmf-dist/tex/latex/oberdiek/rerunfilecheck.sty
Package: rerunfilecheck 2016/05/16 v1.8 Rerun checks for auxiliary files (HO)
Package uniquecounter Info: New unique counter `rerunfilecheck' on input line 2
82.
)
\Hy@SectionHShift=\skip52
) (/usr/local/texlive/2018/texmf-dist/tex/latex/oberdiek/bkm-dvipdfm.def
File: bkm-dvipdfm.def 2016/05/17 v1.26 bookmark driver for dvipdfm (HO)
\BKM@id=\count276
)) (/usr/local/texlive/2018/texmf-dist/tex/latex/fancyvrb/fancyvrb.sty
Package: fancyvrb 2008/02/07

Style option: `fancyvrb' v2.7a, with DG/SPQR fixes, and firstline=lastline fix 
<2008/02/07> (tvz)
\FV@CodeLineNo=\count277
\FV@InFile=\read2
\FV@TabBox=\box44
\c@FancyVerbLine=\count278
\FV@StepNumber=\count279
\FV@OutFile=\write3
) (/usr/local/texlive/2018/texmf-dist/tex/latex/framed/framed.sty
Package: framed 2011/10/22 v 0.96: framed or shaded text with page breaks
\OuterFrameSep=\skip53
\fb@frw=\dimen151
\fb@frh=\dimen152
\FrameRule=\dimen153
\FrameSep=\dimen154
) (/usr/local/texlive/2018/texmf-dist/tex/latex/tools/longtable.sty
Package: longtable 2014/10/28 v4.11 Multi-page Table package (DPC)
\LTleft=\skip54
\LTright=\skip55
\LTpre=\skip56
\LTpost=\skip57
\LTchunksize=\count280
\LTcapwidth=\dimen155
\LT@head=\box45
\LT@firsthead=\box46
\LT@foot=\box47
\LT@lastfoot=\box48
\LT@cols=\count281
\LT@rows=\count282
\c@LT@tables=\count283
\c@LT@chunks=\count284
\LT@p@ftn=\toks22
) (/usr/local/texlive/2018/texmf-dist/tex/latex/booktabs/booktabs.sty
Package: booktabs 2016/04/27 v1.618033 publication quality tables
\heavyrulewidth=\dimen156
\lightrulewidth=\dimen157
\cmidrulewidth=\dimen158
\belowrulesep=\dimen159
\belowbottomsep=\dimen160
\aboverulesep=\dimen161
\abovetopsep=\dimen162
\cmidrulesep=\dimen163
\cmidrulekern=\dimen164
\defaultaddspace=\dimen165
\@cmidla=\count285
\@cmidlb=\count286
\@aboverulesep=\dimen166
\@belowrulesep=\dimen167
\@thisruleclass=\count287
\@lastruleclass=\count288
\@thisrulewidth=\dimen168
) (/usr/local/texlive/2018/texmf-dist/tex/latex/etoolbox/etoolbox.sty
Package: etoolbox 2018/02/11 v2.5e e-TeX tools for LaTeX (JAW)
\etb@tempcnta=\count289
) (/usr/local/texlive/2018/texmf-dist/tex/latex/footnotehyper/footnotehyper.sty
Package: footnotehyper 2018/01/23 v1.1 hyperref aware footnote.sty (JFB)
\FNH@notes=\box49
\FNH@width=\dimen169
) (/usr/local/texlive/2018/texmf-dist/tex/latex/graphics/graphicx.sty
Package: graphicx 2017/06/01 v1.1a Enhanced LaTeX Graphics (DPC,SPQR)
(/usr/local/texlive/2018/texmf-dist/tex/latex/graphics/graphics.sty
Package: graphics 2017/06/25 v1.2c Standard LaTeX Graphics (DPC,SPQR)
(/usr/local/texlive/2018/texmf-dist/tex/latex/graphics/trig.sty
Package: trig 2016/01/03 v1.10 sin cos tan (DPC)
) (/usr/local/texlive/2018/texmf-dist/tex/latex/graphics-cfg/graphics.cfg
File: graphics.cfg 2016/06/04 v1.11 sample graphics configuration
)
Package graphics Info: Driver file: xetex.def on input line 99.
)
\Gin@req@height=\dimen170
\Gin@req@width=\dimen171
) (/usr/local/texlive/2018/texmf-dist/tex/latex/oberdiek/grffile.sty
Package: grffile 2017/06/30 v1.18 Extended file name support for graphics (HO)
Package grffile Info: Option `multidot' is set to `true'.
Package grffile Info: Option `extendedchars' is set to `false'.
Package grffile Info: Option `space' is set to `true'.
Package grffile Info: \Gin@ii of package `graphicx' fixed on input line 494.
) (/usr/local/texlive/2018/texmf-dist/tex/latex/amscls/amsthm.sty
Package: amsthm 2017/10/31 v2.20.4
\thm@style=\toks23
\thm@bodyfont=\toks24
\thm@headfont=\toks25
\thm@notefont=\toks26
\thm@headpunct=\toks27
\thm@preskip=\skip58
\thm@postskip=\skip59
\thm@headsep=\skip60
\dth@everypar=\toks28
) (/usr/local/texlive/2018/texmf-dist/tex/latex/natbib/natbib.sty
Package: natbib 2010/09/13 8.31b (PWD, AO)
\bibhang=\skip61
\bibsep=\skip62
LaTeX Info: Redefining \cite on input line 694.
\c@NAT@ctr=\count290
) (./r3-workshop.aux)
\openout1 = `r3-workshop.aux'.

LaTeX Font Info:    Checking defaults for OML/cmm/m/it on input line 124.
LaTeX Font Info:    ... okay on input line 124.
LaTeX Font Info:    Checking defaults for T1/cmr/m/n on input line 124.
LaTeX Font Info:    ... okay on input line 124.
LaTeX Font Info:    Checking defaults for OT1/cmr/m/n on input line 124.
LaTeX Font Info:    ... okay on input line 124.
LaTeX Font Info:    Checking defaults for OMS/cmsy/m/n on input line 124.
LaTeX Font Info:    ... okay on input line 124.
LaTeX Font Info:    Checking defaults for TU/lmr/m/n on input line 124.
LaTeX Font Info:    ... okay on input line 124.
LaTeX Font Info:    Checking defaults for OMX/cmex/m/n on input line 124.
LaTeX Font Info:    ... okay on input line 124.
LaTeX Font Info:    Checking defaults for U/cmr/m/n on input line 124.
LaTeX Font Info:    ... okay on input line 124.
LaTeX Font Info:    Checking defaults for TS1/cmr/m/n on input line 124.
LaTeX Font Info:    ... okay on input line 124.
LaTeX Font Info:    Checking defaults for PD1/pdf/m/n on input line 124.
LaTeX Font Info:    ... okay on input line 124.
LaTeX Font Info:    Checking defaults for PU/pdf/m/n on input line 124.
LaTeX Font Info:    ... okay on input line 124.
LaTeX Font Info:    Overwriting math alphabet `\mathrm' in version `normal'
(Font)                  OT1/lmr/m/n --> TU/lmr/m/n on input line 124.
LaTeX Font Info:    Overwriting math alphabet `\mathit' in version `normal'
(Font)                  OT1/lmr/m/it --> TU/lmr/m/it on input line 124.
LaTeX Font Info:    Overwriting math alphabet `\mathbf' in version `normal'
(Font)                  OT1/lmr/bx/n --> TU/lmr/bx/n on input line 124.
LaTeX Font Info:    Overwriting math alphabet `\mathsf' in version `normal'
(Font)                  OT1/lmss/m/n --> TU/lmss/m/n on input line 124.
LaTeX Font Info:    Overwriting math alphabet `\mathsf' in version `bold'
(Font)                  OT1/lmss/bx/n --> TU/lmss/bx/n on input line 124.
LaTeX Font Info:    Overwriting math alphabet `\mathtt' in version `normal'
(Font)                  OT1/lmtt/m/n --> TU/lmtt/m/n on input line 124.
LaTeX Font Info:    Overwriting math alphabet `\mathtt' in version `bold'
(Font)                  OT1/lmtt/m/n --> TU/lmtt/bx/n on input line 124.
.................................................
. fontspec info: "set-scale"
. 
. latinmodern-math scale = 1.
.................................................
\g__fontspec_family_latinmodern-math.otf_int=\count291
.................................................
. fontspec info: "set-scale"
. 
. latinmodern-math scale = 1.
.................................................
.................................................
. fontspec info: "set-scale"
. 
. latinmodern-math scale = 1.
.................................................
.................................................
. fontspec info: "defining-font"
. 
. Font family 'latinmodern-math.otf(0)' created for font
. 'latinmodern-math.otf' with options
. [Scale=MatchLowercase,BoldItalicFont={},ItalicFont={},Script=Math,BoldFont={l
atinmodern-math.otf}].
.  
.  This font family consists of the following NFSS series/shapes:
.  
. - 'normal' (m/n) with NFSS spec.:
. <->s*[1]"[latinmodern-math.otf]/OT:script=math;language=DFLT;"
. - 'small caps'  (m/sc) with NFSS spec.: 
. - 'bold' (bx/n) with NFSS spec.:
. <->s*[1]"[latinmodern-math.otf]/OT:script=math;language=DFLT;"
. - 'bold small caps'  (bx/sc) with NFSS spec.: 
.................................................
LaTeX Font Info:    Font shape `TU/latinmodern-math.otf(0)/m/n' will be
(Font)              scaled to size 10.0pt on input line 124.
.................................................
. fontspec info: "set-scale"
. 
. latinmodern-math scale = 1.
.................................................
.................................................
. fontspec info: "set-scale"
. 
. latinmodern-math scale = 1.
.................................................
.................................................
. fontspec info: "set-scale"
. 
. latinmodern-math scale = 1.
.................................................
.................................................
. fontspec info: "set-scale"
. 
. latinmodern-math scale = 1.
.................................................
.................................................
. fontspec info: "set-scale"
. 
. latinmodern-math scale = 1.
.................................................
.................................................
. fontspec info: "defining-font"
. 
. Font family 'latinmodern-math.otf(1)' created for font
. 'latinmodern-math.otf' with options
. [Scale=MatchLowercase,BoldItalicFont={},ItalicFont={},Script=Math,SizeFeature
s={{Size=8.5-},{Size=6-8.5,Font=latinmodern-math.otf,Style=MathScript},{Size=-6
,Font=latinmodern-math.otf,Style=MathScriptScript}},BoldFont={latinmodern-math.
otf}].
.  
.  This font family consists of the following NFSS series/shapes:
.  
. - 'normal' (m/n) with NFSS spec.:
. <8.5->s*[1]"[latinmodern-math.otf]/OT:script=math;language=DFLT;"<6-8.5>s*[1]
"[latinmodern-math.otf]/OT:script=math;language=DFLT;+ssty=0;"<-6>s*[1]"[latinm
odern-math.otf]/OT:script=math;language=DFLT;+ssty=1;"
. - 'small caps'  (m/sc) with NFSS spec.: 
. - 'bold' (bx/n) with NFSS spec.:
. <->s*[1]"[latinmodern-math.otf]/OT:script=math;language=DFLT;"
. - 'bold small caps'  (bx/sc) with NFSS spec.: 
.................................................
LaTeX Font Info:    Font shape `TU/latinmodern-math.otf(1)/m/n' will be
(Font)              scaled to size 10.0pt on input line 124.
LaTeX Font Info:    Encoding `OT1' has changed to `TU' for symbol font
(Font)              `operators' in the math version `normal' on input line 124.

LaTeX Font Info:    Overwriting symbol font `operators' in version `normal'
(Font)                  OT1/lmr/m/n --> TU/latinmodern-math.otf(1)/m/n on input
 line 124.
LaTeX Font Info:    Encoding `OT1' has changed to `TU' for symbol font
(Font)              `operators' in the math version `bold' on input line 124.
LaTeX Font Info:    Overwriting symbol font `operators' in version `bold'
(Font)                  OT1/lmr/bx/n --> TU/latinmodern-math.otf(1)/bx/n on inp
ut line 124.
.................................................
. fontspec info: "set-scale"
. 
. latinmodern-math scale = 1.
.................................................
.................................................
. fontspec info: "set-scale"
. 
. latinmodern-math scale = 1.
.................................................
.................................................
. fontspec info: "set-scale"
. 
. latinmodern-math scale = 1.
.................................................
.................................................
. fontspec info: "set-scale"
. 
. latinmodern-math scale = 1.
.................................................
.................................................
. fontspec info: "set-scale"
. 
. latinmodern-math scale = 1.
.................................................
.................................................
. fontspec info: "defining-font"
. 
. Font family 'latinmodern-math.otf(2)' created for font
. 'latinmodern-math.otf' with options
. [Scale=MatchLowercase,BoldItalicFont={},ItalicFont={},Script=Math,SizeFeature
s={{Size=8.5-},{Size=6-8.5,Font=latinmodern-math.otf,Style=MathScript},{Size=-6
,Font=latinmodern-math.otf,Style=MathScriptScript}},BoldFont={latinmodern-math.
otf},Scale=1.00001,FontAdjustment={\fontdimen
. 8\font =6.77pt\relax \fontdimen 9\font =3.94pt\relax \fontdimen 10\font
. =4.44pt\relax \fontdimen 11\font =6.86pt\relax \fontdimen 12\font
. =3.45pt\relax \fontdimen 13\font =3.63pt\relax \fontdimen 14\font
. =3.63pt\relax \fontdimen 15\font =2.89pt\relax \fontdimen 16\font
. =2.47pt\relax \fontdimen 17\font =2.47pt\relax \fontdimen 18\font
. =2.5pt\relax \fontdimen 19\font =2.0pt\relax \fontdimen 22\font =2.5pt\relax
. \fontdimen 20\font =0pt\relax \fontdimen 21\font =0pt\relax }].
.  
.  This font family consists of the following NFSS series/shapes:
.  
. - 'normal' (m/n) with NFSS spec.:
. <8.5->s*[1.00001]"[latinmodern-math.otf]/OT:script=math;language=DFLT;"<6-8.5
>s*[1.00001]"[latinmodern-math.otf]/OT:script=math;language=DFLT;+ssty=0;"<-6>s
*[1.00001]"[latinmodern-math.otf]/OT:script=math;language=DFLT;+ssty=1;"
. - 'small caps'  (m/sc) with NFSS spec.: 
. and font adjustment code:
. \fontdimen 8\font =6.77pt\relax \fontdimen 9\font =3.94pt\relax \fontdimen
. 10\font =4.44pt\relax \fontdimen 11\font =6.86pt\relax \fontdimen 12\font
. =3.45pt\relax \fontdimen 13\font =3.63pt\relax \fontdimen 14\font
. =3.63pt\relax \fontdimen 15\font =2.89pt\relax \fontdimen 16\font
. =2.47pt\relax \fontdimen 17\font =2.47pt\relax \fontdimen 18\font
. =2.5pt\relax \fontdimen 19\font =2.0pt\relax \fontdimen 22\font =2.5pt\relax
. \fontdimen 20\font =0pt\relax \fontdimen 21\font =0pt\relax 
. - 'bold' (bx/n) with NFSS spec.:
. <->s*[1.00001]"[latinmodern-math.otf]/OT:script=math;language=DFLT;"
. - 'bold small caps'  (bx/sc) with NFSS spec.: 
. and font adjustment code:
. \fontdimen 8\font =6.77pt\relax \fontdimen 9\font =3.94pt\relax \fontdimen
. 10\font =4.44pt\relax \fontdimen 11\font =6.86pt\relax \fontdimen 12\font
. =3.45pt\relax \fontdimen 13\font =3.63pt\relax \fontdimen 14\font
. =3.63pt\relax \fontdimen 15\font =2.89pt\relax \fontdimen 16\font
. =2.47pt\relax \fontdimen 17\font =2.47pt\relax \fontdimen 18\font
. =2.5pt\relax \fontdimen 19\font =2.0pt\relax \fontdimen 22\font =2.5pt\relax
. \fontdimen 20\font =0pt\relax \fontdimen 21\font =0pt\relax 
.................................................
LaTeX Font Info:    Encoding `OMS' has changed to `TU' for symbol font
(Font)              `symbols' in the math version `normal' on input line 124.
LaTeX Font Info:    Overwriting symbol font `symbols' in version `normal'
(Font)                  OMS/lmsy/m/n --> TU/latinmodern-math.otf(2)/m/n on inpu
t line 124.
LaTeX Font Info:    Encoding `OMS' has changed to `TU' for symbol font
(Font)              `symbols' in the math version `bold' on input line 124.
LaTeX Font Info:    Overwriting symbol font `symbols' in version `bold'
(Font)                  OMS/lmsy/b/n --> TU/latinmodern-math.otf(2)/bx/n on inp
ut line 124.
.................................................
. fontspec info: "set-scale"
. 
. latinmodern-math scale = 1.
.................................................
.................................................
. fontspec info: "set-scale"
. 
. latinmodern-math scale = 1.
.................................................
.................................................
. fontspec info: "set-scale"
. 
. latinmodern-math scale = 1.
.................................................
.................................................
. fontspec info: "set-scale"
. 
. latinmodern-math scale = 1.
.................................................
.................................................
. fontspec info: "set-scale"
. 
. latinmodern-math scale = 1.
.................................................
.................................................
. fontspec info: "defining-font"
. 
. Font family 'latinmodern-math.otf(3)' created for font
. 'latinmodern-math.otf' with options
. [Scale=MatchLowercase,BoldItalicFont={},ItalicFont={},Script=Math,SizeFeature
s={{Size=8.5-},{Size=6-8.5,Font=latinmodern-math.otf,Style=MathScript},{Size=-6
,Font=latinmodern-math.otf,Style=MathScriptScript}},BoldFont={latinmodern-math.
otf},Scale=0.99999,FontAdjustment={\fontdimen
. 8\font =0.4pt\relax \fontdimen 9\font =2.0pt\relax \fontdimen 10\font
. =1.67pt\relax \fontdimen 11\font =1.11pt\relax \fontdimen 12\font
. =6.0pt\relax \fontdimen 13\font =0pt\relax }].
.  
.  This font family consists of the following NFSS series/shapes:
.  
. - 'normal' (m/n) with NFSS spec.:
. <8.5->s*[0.99999]"[latinmodern-math.otf]/OT:script=math;language=DFLT;"<6-8.5
>s*[0.99999]"[latinmodern-math.otf]/OT:script=math;language=DFLT;+ssty=0;"<-6>s
*[0.99999]"[latinmodern-math.otf]/OT:script=math;language=DFLT;+ssty=1;"
. - 'small caps'  (m/sc) with NFSS spec.: 
. and font adjustment code:
. \fontdimen 8\font =0.4pt\relax \fontdimen 9\font =2.0pt\relax \fontdimen
. 10\font =1.67pt\relax \fontdimen 11\font =1.11pt\relax \fontdimen 12\font
. =6.0pt\relax \fontdimen 13\font =0pt\relax 
. - 'bold' (bx/n) with NFSS spec.:
. <->s*[0.99999]"[latinmodern-math.otf]/OT:script=math;language=DFLT;"
. - 'bold small caps'  (bx/sc) with NFSS spec.: 
. and font adjustment code:
. \fontdimen 8\font =0.4pt\relax \fontdimen 9\font =2.0pt\relax \fontdimen
. 10\font =1.67pt\relax \fontdimen 11\font =1.11pt\relax \fontdimen 12\font
. =6.0pt\relax \fontdimen 13\font =0pt\relax 
.................................................
LaTeX Font Info:    Encoding `OMX' has changed to `TU' for symbol font
(Font)              `largesymbols' in the math version `normal' on input line 1
24.
LaTeX Font Info:    Overwriting symbol font `largesymbols' in version `normal'
(Font)                  OMX/lmex/m/n --> TU/latinmodern-math.otf(3)/m/n on inpu
t line 124.
LaTeX Font Info:    Encoding `OMX' has changed to `TU' for symbol font
(Font)              `largesymbols' in the math version `bold' on input line 124
.
LaTeX Font Info:    Overwriting symbol font `largesymbols' in version `bold'
(Font)                  OMX/lmex/m/n --> TU/latinmodern-math.otf(3)/bx/n on inp
ut line 124.
LaTeX Info: Redefining \microtypecontext on input line 124.
Package microtype Info: Character protrusion enabled (level 2).
Package microtype Info: Using protrusion set `basicmath'.
Package microtype Info: No adjustment of tracking.
Package microtype Info: No adjustment of spacing.
Package microtype Info: No adjustment of kerning.

(/usr/local/texlive/2018/texmf-dist/tex/latex/microtype/mt-LatinModernRoman.cfg
File: mt-LatinModernRoman.cfg 2013/03/13 v1.0 microtype config. file: Latin Mod
ern Roman (RS)
)
\AtBeginShipoutBox=\box50
Package hyperref Info: Link coloring OFF on input line 124.
(/usr/local/texlive/2018/texmf-dist/tex/latex/hyperref/nameref.sty
Package: nameref 2016/05/21 v2.44 Cross-referencing by name of section
(/usr/local/texlive/2018/texmf-dist/tex/generic/oberdiek/gettitlestring.sty
Package: gettitlestring 2016/05/16 v1.5 Cleanup title references (HO)
)
\c@section@level=\count292
)
LaTeX Info: Redefining \ref on input line 124.
LaTeX Info: Redefining \pageref on input line 124.
LaTeX Info: Redefining \nameref on input line 124.
LaTeX Font Info:    Font shape `TU/latinmodern-math.otf(1)/m/n' will be
(Font)              scaled to size 12.0pt on input line 126.
LaTeX Font Info:    Font shape `TU/latinmodern-math.otf(1)/m/n' will be
(Font)              scaled to size 8.0pt on input line 126.
LaTeX Font Info:    Font shape `TU/latinmodern-math.otf(1)/m/n' will be
(Font)              scaled to size 6.0pt on input line 126.
LaTeX Font Info:    Try loading font information for OML+lmm on input line 126.

(/usr/local/texlive/2018/texmf-dist/tex/latex/lm/omllmm.fd
File: omllmm.fd 2009/10/30 v1.6 Font defs for Latin Modern
)
LaTeX Font Info:    Font shape `TU/latinmodern-math.otf(2)/m/n' will be
(Font)              scaled to size 12.00018pt on input line 126.
LaTeX Font Info:    Font shape `TU/latinmodern-math.otf(2)/m/n' will be
(Font)              scaled to size 8.00012pt on input line 126.
LaTeX Font Info:    Font shape `TU/latinmodern-math.otf(2)/m/n' will be
(Font)              scaled to size 6.00009pt on input line 126.
LaTeX Font Info:    Font shape `TU/latinmodern-math.otf(3)/m/n' will be
(Font)              scaled to size 11.99982pt on input line 126.
LaTeX Font Info:    Font shape `TU/latinmodern-math.otf(3)/m/n' will be
(Font)              scaled to size 7.99988pt on input line 126.
LaTeX Font Info:    Font shape `TU/latinmodern-math.otf(3)/m/n' will be
(Font)              scaled to size 5.99991pt on input line 126.
LaTeX Font Info:    Try loading font information for U+msa on input line 126.
(/usr/local/texlive/2018/texmf-dist/tex/latex/amsfonts/umsa.fd
File: umsa.fd 2013/01/14 v3.01 AMS symbols A
) (/usr/local/texlive/2018/texmf-dist/tex/latex/microtype/mt-msa.cfg
File: mt-msa.cfg 2006/02/04 v1.1 microtype config. file: AMS symbols (a) (RS)
)
LaTeX Font Info:    Try loading font information for U+msb on input line 126.
(/usr/local/texlive/2018/texmf-dist/tex/latex/amsfonts/umsb.fd
File: umsb.fd 2013/01/14 v3.01 AMS symbols B
) (/usr/local/texlive/2018/texmf-dist/tex/latex/microtype/mt-msb.cfg
File: mt-msb.cfg 2005/06/01 v1.0 microtype config. file: AMS symbols (b) (RS)
) [1


] [2

] (./r3-workshop.toc
LaTeX Font Info:    Font shape `TU/latinmodern-math.otf(1)/m/n' will be
(Font)              scaled to size 7.01236pt on input line 2.
LaTeX Font Info:    Font shape `TU/latinmodern-math.otf(1)/m/n' will be
(Font)              scaled to size 4.98074pt on input line 2.
LaTeX Font Info:    Font shape `TU/latinmodern-math.otf(2)/m/n' will be
(Font)              scaled to size 10.00015pt on input line 2.
LaTeX Font Info:    Font shape `TU/latinmodern-math.otf(2)/m/n' will be
(Font)              scaled to size 7.01247pt on input line 2.
LaTeX Font Info:    Font shape `TU/latinmodern-math.otf(2)/m/n' will be
(Font)              scaled to size 4.9808pt on input line 2.
LaTeX Font Info:    Font shape `TU/latinmodern-math.otf(3)/m/n' will be
(Font)              scaled to size 9.99985pt on input line 2.
LaTeX Font Info:    Font shape `TU/latinmodern-math.otf(3)/m/n' will be
(Font)              scaled to size 7.01224pt on input line 2.
LaTeX Font Info:    Font shape `TU/latinmodern-math.otf(3)/m/n' will be
(Font)              scaled to size 4.98067pt on input line 2.
LaTeX Font Info:    Font shape `TU/lmtt/bx/n' in size <10> not available
(Font)              Font shape `TU/lmtt/b/n' tried instead on input line 22.
[3])
\tf@toc=\write4
\openout4 = `r3-workshop.toc'.

[4]
Underfull \vbox (badness 1354) has occurred while \output is active []

[5

]
File: figs/rstudio.png Graphic file (type bmp)
<figs/rstudio.png>

Underfull \vbox (badness 2512) has occurred while \output is active []

[6]
Overfull \hbox (96.0pt too wide) in paragraph at lines 282--282
[]\TU/lmtt/m/n/10 ## BLAS:   /Library/Frameworks/R.framework/Versions/4.0/Resou
rces/lib/libRblas.dylib[] 
 []

[7]
Overfull \hbox (106.5pt too wide) in paragraph at lines 282--282
[]\TU/lmtt/m/n/10 ## LAPACK: /Library/Frameworks/R.framework/Versions/4.0/Resou
rces/lib/libRlapack.dylib[] 
 []


Overfull \hbox (12.0pt too wide) in paragraph at lines 282--282
[]\TU/lmtt/m/n/10 ## [1] en_US.UTF-8/en_US.UTF-8/en_US.UTF-8/C/en_US.UTF-8/en_U
S.UTF-8[] 
 []


Overfull \hbox (27.75pt too wide) in paragraph at lines 282--282
[]\TU/lmtt/m/n/10 ## [1] stats     graphics  grDevices utils     datasets  meth
ods   base[] 
 []


Overfull \hbox (54.0pt too wide) in paragraph at lines 282--282
[]\TU/lmtt/m/n/10 ##  [1] keras_2.3.0.0     tensorflow_2.2.0  textdata_0.4.1   
 tidytext_0.2.5[] 
 []


Overfull \hbox (38.25pt too wide) in paragraph at lines 282--282
[]\TU/lmtt/m/n/10 ##  [5] rtweet_0.7.0      plotly_4.9.2.1    jsonlite_1.7.1   
 units_0.6-7[] 
 []


Overfull \hbox (22.5pt too wide) in paragraph at lines 282--282
[]\TU/lmtt/m/n/10 ##  [9] lubridate_1.7.9.2 scales_1.1.1      glue_1.4.2       
 here_0.1[] 
 []


Overfull \hbox (33.0pt too wide) in paragraph at lines 282--282
[]\TU/lmtt/m/n/10 ## [13] librarian_1.7.0   sf_0.9-6          leaflet_2.0.3    
 knitr_1.30[] 
 []


Overfull \hbox (38.25pt too wide) in paragraph at lines 282--282
[]\TU/lmtt/m/n/10 ## [17] forcats_0.5.0     stringr_1.4.0     dplyr_1.0.2      
 purrr_0.3.4[] 
 []


Overfull \hbox (48.75pt too wide) in paragraph at lines 282--282
[]\TU/lmtt/m/n/10 ## [21] readr_1.4.0       tidyr_1.1.2       tibble_3.0.4     
 ggplot2_3.3.2[] 
 []


Overfull \hbox (75.0pt too wide) in paragraph at lines 282--282
[]\TU/lmtt/m/n/10 ##  [1] fs_1.5.0           httr_1.4.2         rprojroot_2.0.2
    SnowballC_0.7.0[] 
 []


Overfull \hbox (90.75pt too wide) in paragraph at lines 282--282
[]\TU/lmtt/m/n/10 ##  [5] tools_4.0.2        backports_1.2.0    R6_2.5.0       
    KernSmooth_2.23-17[] 
 []


Overfull \hbox (54.0pt too wide) in paragraph at lines 282--282
[]\TU/lmtt/m/n/10 ##  [9] DBI_1.1.0          lazyeval_0.2.2     colorspace_2.0-
0   withr_2.3.0[] 
 []


Overfull \hbox (54.0pt too wide) in paragraph at lines 282--282
[]\TU/lmtt/m/n/10 ## [13] tidyselect_1.1.0   compiler_4.0.2     cli_2.2.0      
    rvest_0.3.6[] 
 []


Overfull \hbox (48.75pt too wide) in paragraph at lines 282--282
[]\TU/lmtt/m/n/10 ## [17] xml2_1.3.2         bookdown_0.21.2    classInt_0.4-3 
    tfruns_1.4[] 
 []


Overfull \hbox (75.0pt too wide) in paragraph at lines 282--282
[]\TU/lmtt/m/n/10 ## [21] digest_0.6.27      rmarkdown_2.5      base64enc_0.1-3
    pkgconfig_2.0.3[] 
 []


Overfull \hbox (54.0pt too wide) in paragraph at lines 282--282
[]\TU/lmtt/m/n/10 ## [25] htmltools_0.5.0    dbplyr_1.4.4       htmlwidgets_1.5
.2  rlang_0.4.9[] 
 []


Overfull \hbox (85.5pt too wide) in paragraph at lines 282--282
[]\TU/lmtt/m/n/10 ## [29] readxl_1.3.1       rstudioapi_0.13    generics_0.1.0 
    crosstalk_1.1.0.1[] 
 []


Overfull \hbox (48.75pt too wide) in paragraph at lines 282--282
[]\TU/lmtt/m/n/10 ## [33] tokenizers_0.2.1   magrittr_2.0.1     Matrix_1.2-18  
    Rcpp_1.0.5[] 
 []


Overfull \hbox (75.0pt too wide) in paragraph at lines 282--282
[]\TU/lmtt/m/n/10 ## [37] munsell_0.5.0      fansi_0.4.1        reticulate_1.16
    lifecycle_0.2.0[] 
 []


Overfull \hbox (48.75pt too wide) in paragraph at lines 282--282
[]\TU/lmtt/m/n/10 ## [41] whisker_0.4        stringi_1.5.3      yaml_2.2.1     
    grid_4.0.2[] 
 []


Overfull \hbox (54.0pt too wide) in paragraph at lines 282--282
[]\TU/lmtt/m/n/10 ## [45] blob_1.2.1         crayon_1.3.4       lattice_0.20-41
    haven_2.3.1[] 
 []


Overfull \hbox (59.25pt too wide) in paragraph at lines 282--282
[]\TU/lmtt/m/n/10 ## [49] hms_0.5.3          zeallot_0.1.0      pillar_1.4.7   
    reprex_0.3.0[] 
 []


Overfull \hbox (54.0pt too wide) in paragraph at lines 282--282
[]\TU/lmtt/m/n/10 ## [53] evaluate_0.14      data.table_1.13.2  modelr_0.1.8   
    vctrs_0.3.5[] 
 []


Overfull \hbox (43.5pt too wide) in paragraph at lines 282--282
[]\TU/lmtt/m/n/10 ## [57] cellranger_1.1.0   gtable_0.3.0       assertthat_0.2.
1   xfun_0.19[] 
 []


Overfull \hbox (59.25pt too wide) in paragraph at lines 282--282
[]\TU/lmtt/m/n/10 ## [61] broom_0.7.2        e1071_1.7-4        janeaustenr_0.1
.5  class_7.3-17[] 
 []

[8] [9] [10

]
Chapter 1.
[11]
LaTeX Font Info:    Font shape `TU/lmtt/bx/n' in size <14.4> not available
(Font)              Font shape `TU/lmtt/b/n' tried instead on input line 386.
[12]
Underfull \hbox (badness 1067) in paragraph at lines 399--401
\TU/lmr/m/n/10 (or \TU/lmtt/m/n/10 ORG.github.io\TU/lmr/m/n/10 ) and then the d
efault \TU/lmtt/m/n/10 master \TU/lmr/m/n/10 branch will con-
 []


Underfull \hbox (badness 4634) in paragraph at lines 399--401
\TU/lmr/m/n/10 tain the web files for the website \TU/lmtt/m/n/10 http://USER.g
ithub.io \TU/lmr/m/n/10 (or
 []

LaTeX Font Info:    Font shape `TU/lmtt/bx/n' in size <12> not available
(Font)              Font shape `TU/lmtt/b/n' tried instead on input line 407.
[13]
Overfull \hbox (13.39pt too wide) in paragraph at lines 474--475
\TU/lmr/m/n/10 Shell for Git with the command \TU/lmtt/m/n/10 git clone https:/
/github.com/USER/REPO.git\TU/lmr/m/n/10 ,
 []


Underfull \vbox (badness 1436) has occurred while \output is active []

[14] [15] [16]
Chapter 2.
LaTeX Font Info:    Font shape `TU/lmtt/bx/n' in size <24.88> not available
(Font)              Font shape `TU/lmtt/b/n' tried instead on input line 541.

Underfull \vbox (badness 2617) has occurred while \output is active []

[17

]
Overfull \hbox (69.75pt too wide) in paragraph at lines 628--628
[]\TU/lmtt/m/n/10 ##  $ country  : Factor w/ 142 levels "Afghanistan",..: 1 1 1
 1 1 1 1 1 1 1 ...[] 
 []


Overfull \hbox (90.75pt too wide) in paragraph at lines 628--628
[]\TU/lmtt/m/n/10 ##  $ continent: Factor w/ 5 levels "Africa","Americas",..: 3
 3 3 3 3 3 3 3 3 3 ...[] 
 []


Overfull \hbox (90.75pt too wide) in paragraph at lines 628--628
[]\TU/lmtt/m/n/10 ##  $ year     : int [1:1704] 1952 1957 1962 1967 1972 1977 1
982 1987 1992 1997 ...[] 
 []


Overfull \hbox (290.25pt too wide) in paragraph at lines 628--628
[]\TU/lmtt/m/n/10 ##  $ pop      : int [1:1704] 8425333 9240934 10267083 115379
66 13079460 14880372 12881816 13867957 16317921 22227415 ...[] 
 []

[18]
File: figs/rstudio-cheatsheet-filter.png Graphic file (type bmp)
<figs/rstudio-cheatsheet-filter.png>
[19]
File: figs/rstudio-cheatsheet-select.png Graphic file (type bmp)
<figs/rstudio-cheatsheet-select.png>
[20] [21]
File: figs/rstudio-cheatsheet-mutate.png Graphic file (type bmp)
<figs/rstudio-cheatsheet-mutate.png>
File: figs/rstudio-cheatsheet-summarise.png Graphic file (type bmp)
<figs/rstudio-cheatsheet-summarise.png>
[22]
File: figs/rstudio-cheatsheet-group_by.png Graphic file (type bmp)
<figs/rstudio-cheatsheet-group_by.png>
[23]
File: figs/r4ds_data-science.png Graphic file (type bmp)
<figs/r4ds_data-science.png>
File: figs/rstudio-cheatsheet-reshaping-data.png Graphic file (type bmp)
<figs/rstudio-cheatsheet-reshaping-data.png>
[24] [25] [26]
Chapter 3.
File: figs/hans-rosling_sexy-stats.jpeg Graphic file (type bmp)
<figs/hans-rosling_sexy-stats.jpeg>
File: figs/gapminder-world_motion-chart.png Graphic file (type bmp)
<figs/gapminder-world_motion-chart.png>

Underfull \vbox (badness 3364) has occurred while \output is active []

[27

] [28]
File: r3-workshop_files/figure-latex/unnamed-chunk-25-1.pdf Graphic file (type 
pdf)
<use r3-workshop_files/figure-latex/unnamed-chunk-25-1.pdf>
File: r3-workshop_files/figure-latex/unnamed-chunk-25-2.pdf Graphic file (type 
pdf)
<use r3-workshop_files/figure-latex/unnamed-chunk-25-2.pdf>

Underfull \vbox (badness 10000) has occurred while \output is active []

[29]
File: r3-workshop_files/figure-latex/unnamed-chunk-25-3.pdf Graphic file (type 
pdf)
<use r3-workshop_files/figure-latex/unnamed-chunk-25-3.pdf>
[30]
File: r3-workshop_files/figure-latex/unnamed-chunk-25-4.pdf Graphic file (type 
pdf)
<use r3-workshop_files/figure-latex/unnamed-chunk-25-4.pdf>
File: r3-workshop_files/figure-latex/unnamed-chunk-25-5.pdf Graphic file (type 
pdf)
<use r3-workshop_files/figure-latex/unnamed-chunk-25-5.pdf>

Underfull \vbox (badness 10000) has occurred while \output is active []

[31]
File: r3-workshop_files/figure-latex/unnamed-chunk-27-1.pdf Graphic file (type 
pdf)
<use r3-workshop_files/figure-latex/unnamed-chunk-27-1.pdf>

Underfull \vbox (badness 10000) has occurred while \output is active []

[32]
File: r3-workshop_files/figure-latex/unnamed-chunk-27-2.pdf Graphic file (type 
pdf)
<use r3-workshop_files/figure-latex/unnamed-chunk-27-2.pdf>
[33]
File: r3-workshop_files/figure-latex/unnamed-chunk-27-3.pdf Graphic file (type 
pdf)
<use r3-workshop_files/figure-latex/unnamed-chunk-27-3.pdf>
File: r3-workshop_files/figure-latex/unnamed-chunk-28-1.pdf Graphic file (type 
pdf)
<use r3-workshop_files/figure-latex/unnamed-chunk-28-1.pdf>

Underfull \vbox (badness 6188) has occurred while \output is active []

[34]
File: r3-workshop_files/figure-latex/unnamed-chunk-28-2.pdf Graphic file (type 
pdf)
<use r3-workshop_files/figure-latex/unnamed-chunk-28-2.pdf>

Underfull \vbox (badness 10000) has occurred while \output is active []

[35]
File: r3-workshop_files/figure-latex/unnamed-chunk-29-1.pdf Graphic file (type 
pdf)
<use r3-workshop_files/figure-latex/unnamed-chunk-29-1.pdf>

Overfull \hbox (127.5pt too wide) in paragraph at lines 1191--1191
[]\TU/lmtt/m/n/10 ## Creating a generic function for []toJSON[] from package []
jsonlite[] in package []googleVis[][] 
 []

[36] [37]
Overfull \hbox (75.0pt too wide) in paragraph at lines 1273--1273
[]\TU/lmtt/m/n/10 ## Warning: The argument auto.palette.mapping is deprecated. 
Please use midpoint[] 
 []


Overfull \hbox (90.75pt too wide) in paragraph at lines 1273--1273
[]\TU/lmtt/m/n/10 ## for numeric data and stretch.palette for categorical data 
to control the palette[] 
 []

File: r3-workshop_files/figure-latex/unnamed-chunk-32-1.pdf Graphic file (type 
pdf)
<use r3-workshop_files/figure-latex/unnamed-chunk-32-1.pdf>
File: r3-workshop_files/figure-latex/unnamed-chunk-33-1.pdf Graphic file (type 
pdf)
<use r3-workshop_files/figure-latex/unnamed-chunk-33-1.pdf>

Underfull \vbox (badness 10000) has occurred while \output is active []

[38] [39] [40

]
Chapter 4.
[41]
Overfull \hbox (75.0pt too wide) in paragraph at lines 1382--1382
[]\TU/lmtt/m/n/10 ## Warning: plotting the first 9 out of 10 attributes; use ma
x.plot = 10 to plot[] 
 []

File: r3-workshop_files/figure-latex/plot-states-1.pdf Graphic file (type pdf)
<use r3-workshop_files/figure-latex/plot-states-1.pdf>
File: r3-workshop_files/figure-latex/plot-states-10-1.pdf Graphic file (type pd
f)
<use r3-workshop_files/figure-latex/plot-states-10-1.pdf>

Underfull \vbox (badness 4819) has occurred while \output is active []

[42]
Overfull \hbox (17.25pt too wide) in paragraph at lines 1407--1407
[]\TU/lmtt/m/n/10 ##  [1] "STATEFP"  "STATENS"  "AFFGEOID" "GEOID"    "STUSPS" 
  "NAME"[] 
 []


Overfull \hbox (80.25pt too wide) in paragraph at lines 1430--1430
[]\TU/lmtt/m/n/10 ## $ STATEFP  <chr> "06", "11", "12", "13", "16", "17", "19",
 "21", "22", "24"...[] 
 []


Overfull \hbox (80.25pt too wide) in paragraph at lines 1430--1430
[]\TU/lmtt/m/n/10 ## $ STATENS  <chr> "01779778", "01702382", "00294478", "0170
5317", "01779783"...[] 
 []


Overfull \hbox (80.25pt too wide) in paragraph at lines 1430--1430
[]\TU/lmtt/m/n/10 ## $ AFFGEOID <chr> "0400000US06", "0400000US11", "0400000US1
2", "0400000US13"...[] 
 []


Overfull \hbox (80.25pt too wide) in paragraph at lines 1430--1430
[]\TU/lmtt/m/n/10 ## $ GEOID    <chr> "06", "11", "12", "13", "16", "17", "19",
 "21", "22", "24"...[] 
 []


Overfull \hbox (80.25pt too wide) in paragraph at lines 1430--1430
[]\TU/lmtt/m/n/10 ## $ STUSPS   <chr> "CA", "DC", "FL", "GA", "ID", "IL", "IA",
 "KY", "LA", "MD"...[] 
 []


Overfull \hbox (80.25pt too wide) in paragraph at lines 1430--1430
[]\TU/lmtt/m/n/10 ## $ NAME     <chr> "California", "District of Columbia", "Fl
orida", "Georgia"...[] 
 []


Overfull \hbox (80.25pt too wide) in paragraph at lines 1430--1430
[]\TU/lmtt/m/n/10 ## $ LSAD     <chr> "00", "00", "00", "00", "00", "00", "00",
 "00", "00", "00"...[] 
 []


Overfull \hbox (80.25pt too wide) in paragraph at lines 1430--1430
[]\TU/lmtt/m/n/10 ## $ ALAND    <dbl> 403483823181, 158350578, 138903200855, 14
8963503399, 21404...[] 
 []


Overfull \hbox (80.25pt too wide) in paragraph at lines 1430--1430
[]\TU/lmtt/m/n/10 ## $ AWATER   <dbl> 20483271881, 18633500, 31407883551, 49470
80103, 2397728105...[] 
 []


Overfull \hbox (80.25pt too wide) in paragraph at lines 1430--1430
[]\TU/lmtt/m/n/10 ## $ region   <chr> "West", "Northeast", "Southeast", "Southe
ast", "West", "Mi...[] 
 []


Overfull \hbox (80.25pt too wide) in paragraph at lines 1430--1430
[]\TU/lmtt/m/n/10 ## $ geometry <MULTIPOLYGON []> MULTIPOLYGON Z (((-118.594 .
.., MULTIPOLYGON ...[] 
 []

[43]
Overfull \hbox (64.5pt too wide) in paragraph at lines 1454--1454
[]\TU/lmtt/m/n/10 ##    STATEFP STATENS AFFGEOID GEOID STUSPS NAME  LSAD    ALA
ND  AWATER region[] 
 []


Overfull \hbox (59.25pt too wide) in paragraph at lines 1454--1454
[]\TU/lmtt/m/n/10 ##    <chr>   <chr>   <chr>    <chr> <chr>  <chr> <chr>   <db
l>   <dbl> <chr>[] 
 []


Overfull \hbox (54.0pt too wide) in paragraph at lines 1454--1454
[]\TU/lmtt/m/n/10 ##  1 06      017797~ 0400000~ 06    CA     Cali~ 00    4.03e
11 2.05e10 West[] 
 []


Overfull \hbox (64.5pt too wide) in paragraph at lines 1454--1454
[]\TU/lmtt/m/n/10 ##  2 11      017023~ 0400000~ 11    DC     Dist~ 00    1.58e
 8 1.86e 7 North~[] 
 []


Overfull \hbox (64.5pt too wide) in paragraph at lines 1454--1454
[]\TU/lmtt/m/n/10 ##  3 12      002944~ 0400000~ 12    FL     Flor~ 00    1.39e
11 3.14e10 South~[] 
 []


Overfull \hbox (64.5pt too wide) in paragraph at lines 1454--1454
[]\TU/lmtt/m/n/10 ##  4 13      017053~ 0400000~ 13    GA     Geor~ 00    1.49e
11 4.95e 9 South~[] 
 []


Overfull \hbox (54.0pt too wide) in paragraph at lines 1454--1454
[]\TU/lmtt/m/n/10 ##  5 16      017797~ 0400000~ 16    ID     Idaho 00    2.14e
11 2.40e 9 West[] 
 []


Overfull \hbox (64.5pt too wide) in paragraph at lines 1454--1454
[]\TU/lmtt/m/n/10 ##  6 17      017797~ 0400000~ 17    IL     Illi~ 00    1.44e
11 6.20e 9 Midwe~[] 
 []


Overfull \hbox (64.5pt too wide) in paragraph at lines 1454--1454
[]\TU/lmtt/m/n/10 ##  7 19      017797~ 0400000~ 19    IA     Iowa  00    1.45e
11 1.08e 9 Midwe~[] 
 []


Overfull \hbox (64.5pt too wide) in paragraph at lines 1454--1454
[]\TU/lmtt/m/n/10 ##  8 21      017797~ 0400000~ 21    KY     Kent~ 00    1.02e
11 2.39e 9 South~[] 
 []


Overfull \hbox (64.5pt too wide) in paragraph at lines 1454--1454
[]\TU/lmtt/m/n/10 ##  9 22      016295~ 0400000~ 22    LA     Loui~ 00    1.12e
11 2.38e10 South~[] 
 []


Overfull \hbox (64.5pt too wide) in paragraph at lines 1454--1454
[]\TU/lmtt/m/n/10 ## 10 24      017149~ 0400000~ 24    MD     Mary~ 00    2.51e
10 6.98e 9 North~[] 
 []


Overfull \hbox (54.0pt too wide) in paragraph at lines 1454--1454
[]\TU/lmtt/m/n/10 ## # ... with 48 more rows, and 1 more variable: geometry <MU
LTIPOLYGON []>[] 
 []


Overfull \hbox (17.25pt too wide) in paragraph at lines 1465--1465
[]\TU/lmtt/m/n/10 ##  [1] "STATEFP"  "STATENS"  "AFFGEOID" "GEOID"    "STUSPS" 
  "NAME"[] 
 []

File: r3-workshop_files/figure-latex/plot-states-region-1.pdf Graphic file (typ
e pdf)
<use r3-workshop_files/figure-latex/plot-states-region-1.pdf>

Underfull \vbox (badness 10000) has occurred while \output is active []

[44] [45]
Overfull \hbox (17.25pt too wide) in paragraph at lines 1552--1552
[]\TU/lmtt/m/n/10 ## []summarise()[] ungrouping output (override with [].groups
[] argument)[] 
 []


Overfull \hbox (69.75pt too wide) in paragraph at lines 1576--1576
[]\TU/lmtt/m/n/10 ## bbox:           xmin: -124.7258 ymin: 24.49813 xmax: -66.9
499 ymax: 49.38436[] 
 []


Overfull \hbox (90.75pt too wide) in paragraph at lines 1576--1576
[]\TU/lmtt/m/n/10 ##   region      water      land                             
    geometry pct_water[] 
 []


Overfull \hbox (90.75pt too wide) in paragraph at lines 1576--1576
[]\TU/lmtt/m/n/10 ## * <chr>       <dbl>     <dbl>                           <G
EOMETRY []>     <dbl>[] 
 []


Overfull \hbox (90.75pt too wide) in paragraph at lines 1576--1576
[]\TU/lmtt/m/n/10 ## 1 Midwest   1.84e11   1.94e12 MULTIPOLYGON Z (((-87.80048 
42.49192 0,~      9.49[] 
 []


Overfull \hbox (85.5pt too wide) in paragraph at lines 1576--1576
[]\TU/lmtt/m/n/10 ## 2 Northe~   1.09e11   8.69e11 MULTIPOLYGON Z (((-76.04621 
38.02553 0,~     12.5[] 
 []


Overfull \hbox (90.75pt too wide) in paragraph at lines 1576--1576
[]\TU/lmtt/m/n/10 ## 3 Southe~   1.04e11   1.36e12 MULTIPOLYGON Z (((-81.81169 
24.56874 0,~      7.61[] 
 []


Overfull \hbox (90.75pt too wide) in paragraph at lines 1576--1576
[]\TU/lmtt/m/n/10 ## 4 Southw~   2.42e10   1.46e12 POLYGON Z ((-94.48587 33.637
87 0, -94.4~      1.66[] 
 []


Overfull \hbox (90.75pt too wide) in paragraph at lines 1576--1576
[]\TU/lmtt/m/n/10 ## 5 West      5.76e10   2.43e12 MULTIPOLYGON Z (((-104.0532 
41.00141 0,~      2.37[] 
 []


Underfull \hbox (badness 1033) in paragraph at lines 1578--1579
[]\TU/lmr/m/n/10 Notice the geometry in the column. To remove the geometry colu
mn
 []


Underfull \hbox (badness 2951) in paragraph at lines 1578--1579
\TU/lmr/m/n/10 pipe to \TU/lmtt/m/n/10 st_set_geometry(NULL)\TU/lmr/m/n/10 . To
 arrange in descending order use
 []


Underfull \vbox (badness 2042) has occurred while \output is active []

[46]
File: r3-workshop_files/figure-latex/plot-regions-pctwater-1.pdf Graphic file (
type pdf)
<use r3-workshop_files/figure-latex/plot-regions-pctwater-1.pdf>
File: r3-workshop_files/figure-latex/ggplot-regions-pctwater-1.pdf Graphic file
 (type pdf)
<use r3-workshop_files/figure-latex/ggplot-regions-pctwater-1.pdf>

Underfull \vbox (badness 7540) has occurred while \output is active []

[47]
Overfull \vbox (1.0308pt too high) detected at line 1666
 []

[48]
File: r3-workshop_files/figure-latex/plot-regions-area-1.pdf Graphic file (type
 pdf)
<use r3-workshop_files/figure-latex/plot-regions-area-1.pdf>

Underfull \vbox (badness 10000) has occurred while \output is active []

[49]
Overfull \hbox (17.25pt too wide) in paragraph at lines 1726--1726
[]\TU/lmtt/m/n/10 ## []summarise()[] ungrouping output (override with [].groups
[] argument)[] 
 []

File: r3-workshop_files/figure-latex/recalc-regions-transform-1.pdf Graphic fil
e (type pdf)
<use r3-workshop_files/figure-latex/recalc-regions-transform-1.pdf>

Underfull \vbox (badness 10000) has occurred while \output is active []

[50] [51] [52

]
Chapter 5.
[53]

LaTeX Warning: Reference `tidy' on page 54 undefined on input line 1827.

File: r3-workshop_files/figure-latex/states-ggplot2-1.pdf Graphic file (type pd
f)
<use r3-workshop_files/figure-latex/states-ggplot2-1.pdf>

Underfull \vbox (badness 3977) has occurred while \output is active []

[54]
File: r3-workshop_files/figure-latex/states-plotly-1.pdf Graphic file (type pdf
)
<use r3-workshop_files/figure-latex/states-plotly-1.pdf>
File: r3-workshop_files/figure-latex/states-mapview-1.pdf Graphic file (type pd
f)
<use r3-workshop_files/figure-latex/states-mapview-1.pdf>

Underfull \vbox (badness 10000) has occurred while \output is active []

[55]
File: r3-workshop_files/figure-latex/states-mapview-2.pdf Graphic file (type pd
f)
<use r3-workshop_files/figure-latex/states-mapview-2.pdf>

Underfull \vbox (badness 10000) has occurred while \output is active []

[56]
File: r3-workshop_files/figure-latex/states-leaflet-1.pdf Graphic file (type pd
f)
<use r3-workshop_files/figure-latex/states-leaflet-1.pdf>

Overfull \vbox (1.73166pt too high) detected at line 1938
 []

[57]
File: r3-workshop_files/figure-latex/states-choropleth-1.pdf Graphic file (type
 pdf)
<use r3-workshop_files/figure-latex/states-choropleth-1.pdf>
[58]
File: r3-workshop_files/figure-latex/states-popups-legend-1.pdf Graphic file (t
ype pdf)
<use r3-workshop_files/figure-latex/states-popups-legend-1.pdf>

Underfull \vbox (badness 10000) has occurred while \output is active []

[59]

LaTeX Warning: Reference `tidy' on page 60 undefined on input line 1991.


Overfull \hbox (17.25pt too wide) in paragraph at lines 2010--2010
[]\TU/lmtt/m/n/10 ## []summarise()[] ungrouping output (override with [].groups
[] argument)[] 
 []

[60]
File: r3-workshop_files/figure-latex/regions-choropleth-1.pdf Graphic file (typ
e pdf)
<use r3-workshop_files/figure-latex/regions-choropleth-1.pdf>

Underfull \vbox (badness 10000) has occurred while \output is active []

[61] [62]
Appendix A.

Overfull \hbox (19.81pt too wide) in paragraph at lines 2093--2094
[]\TU/lmr/m/n/10 Youll need to run the app on a specific port using \TU/lmtt/m
/n/10 shiny::runApp(port=7445)\TU/lmr/m/n/10 ,
 []


Overfull \hbox (1171.0pt too wide) in paragraph at lines 2099--2099
 []\TU/lmtt/m/n/10 The JavaScript origin in the request, http://localhost:5779,
 does not match the ones authorized for the OAuth client. Visit https://console
.developers.google.com/apis/credentials/oauthclient/${your_client_id}?project=$
{your_project_number} to update the authorized JavaScript origins.[] 
 []

No file r3-workshop.bbl.
Package atveryend Info: Empty hook `BeforeClearDocument' on input line 2104.
[63

]
Package atveryend Info: Empty hook `AfterLastShipout' on input line 2104.
(./r3-workshop.aux)
Package atveryend Info: Empty hook `AtVeryEndDocument' on input line 2104.
Package atveryend Info: Empty hook `AtEndAfterFileList' on input line 2104.

LaTeX Warning: There were undefined references.

Package atveryend Info: Empty hook `AtVeryVeryEnd' on input line 2104.
 ) 
Here is how much of TeX's memory you used:
 26620 strings out of 492970
 487807 string characters out of 6133938
 702567 words of memory out of 5000000
 30316 multiletter control sequences out of 15000+600000
 536657 words of font info for 81 fonts, out of 8000000 for 9000
 1348 hyphenation exceptions out of 8191
 58i,6n,117p,10406b,564s stack positions out of 5000i,500n,10000p,200000b,80000s

Output written on r3-workshop.pdf (63 pages).
